TN:
SF:app\index.js
FN:16,(anonymous_0)
FN:21,(anonymous_1)
FNF:2
FNH:0
FNDA:0,(anonymous_0)
FNDA:0,(anonymous_1)
DA:1,1
DA:2,1
DA:3,1
DA:5,1
DA:7,1
DA:9,1
DA:17,0
DA:20,1
DA:21,1
DA:22,0
DA:25,1
DA:27,1
LF:12
LH:10
BRDA:20,0,0,1
BRDA:20,0,1,1
BRDA:25,1,0,1
BRDA:25,1,1,0
BRF:4
BRH:3
end_of_record
TN:
SF:app\controllers\todo.controller.js
FN:8,getTodoList
FN:21,addTodoItem
FN:36,deleteTodoItem
FN:55,changeTodoItem
FNF:4
FNH:4
FNDA:1,getTodoList
FNDA:2,addTodoItem
FNDA:3,deleteTodoItem
FNDA:2,changeTodoItem
DA:1,1
DA:3,1
DA:4,1
DA:6,1
DA:9,1
DA:10,1
DA:11,0
DA:13,1
DA:14,1
DA:15,1
DA:17,0
DA:22,2
DA:23,2
DA:24,0
DA:26,2
DA:27,2
DA:28,1
DA:29,1
DA:30,1
DA:32,1
DA:37,3
DA:38,3
DA:39,0
DA:41,3
DA:42,3
DA:43,3
DA:44,3
DA:45,2
DA:46,2
DA:48,1
DA:49,1
DA:51,0
DA:56,2
DA:57,2
DA:58,0
DA:60,2
DA:61,2
DA:62,2
DA:63,2
DA:64,2
DA:65,0
DA:66,0
DA:68,2
DA:70,0
DA:74,1
LF:45
LH:36
BRDA:10,0,0,0
BRDA:10,0,1,1
BRDA:23,1,0,0
BRDA:23,1,1,2
BRDA:38,2,0,0
BRDA:38,2,1,3
BRDA:44,3,0,2
BRDA:44,3,1,1
BRDA:57,4,0,0
BRDA:57,4,1,2
BRDA:64,5,0,0
BRDA:64,5,1,2
BRF:12
BRH:7
end_of_record
TN:
SF:app\models\todo.model.js
FNF:0
FNH:0
DA:1,1
DA:2,1
DA:4,1
DA:15,1
LF:4
LH:4
BRF:0
BRH:0
end_of_record
TN:
SF:app\routes\index.js
FN:3,(anonymous_0)
FN:7,(anonymous_1)
FN:13,(anonymous_2)
FNF:3
FNH:3
FNDA:1,(anonymous_0)
FNDA:1,(anonymous_1)
FNDA:4,(anonymous_2)
DA:1,1
DA:3,1
DA:5,1
DA:7,1
DA:8,1
DA:9,1
DA:10,1
DA:13,1
DA:14,4
DA:15,4
LF:10
LH:10
BRDA:14,0,0,4
BRDA:14,0,1,3
BRDA:16,1,0,4
BRDA:16,1,1,0
BRF:4
BRH:3
end_of_record
TN:
SF:app\routes\todo.routes.js
FNF:0
FNH:0
DA:1,1
DA:2,1
DA:3,1
DA:5,1
DA:6,1
DA:8,1
DA:23,1
LF:7
LH:7
BRF:0
BRH:0
end_of_record
TN:
SF:app\services\todo.service.js
FN:3,getTodoList
FN:10,addTodoItem
FN:19,deleteTodoItem
FN:24,changeTodoItem
FNF:4
FNH:4
FNDA:1,getTodoList
FNDA:2,addTodoItem
FNDA:3,deleteTodoItem
FNDA:2,changeTodoItem
DA:1,1
DA:4,1
DA:5,1
DA:11,2
DA:12,2
DA:20,3
DA:21,3
DA:25,2
DA:26,2
DA:27,2
DA:28,1
DA:30,2
DA:36,1
LF:13
LH:13
BRDA:5,0,0,1
BRDA:5,0,1,0
BRDA:15,1,0,2
BRDA:15,1,1,2
BRDA:20,2,0,3
BRDA:20,2,1,3
BRDA:25,3,0,2
BRDA:25,3,1,2
BRDA:26,4,0,2
BRDA:26,4,1,2
BRDA:27,5,0,1
BRDA:27,5,1,1
BRF:12
BRH:11
end_of_record
TN:
SF:app\validators\request.validator.js
FN:3,(anonymous_0)
FNF:1
FNH:1
FNDA:8,(anonymous_0)
DA:1,1
DA:3,1
DA:4,8
DA:5,8
DA:6,8
DA:7,0
DA:11,1
LF:7
LH:6
BRDA:6,0,0,0
BRDA:6,0,1,8
BRF:2
BRH:1
end_of_record
TN:
SF:app\validators\todo.validator.js
FN:19,(anonymous_0)
FNF:1
FNH:1
FNDA:2,(anonymous_0)
DA:1,1
DA:2,1
DA:4,1
DA:19,1
DA:20,2
DA:21,2
DA:22,1
DA:23,1
DA:25,1
DA:29,1
LF:10
LH:10
BRDA:21,0,0,1
BRDA:21,0,1,1
BRF:2
BRH:2
end_of_record
